<?xml version="1.0" encoding="UTF-8"?>
<!-- Generated by org.testng.reporters.JUnitReportReporter -->
<testsuite hostname="DESKTOP-4K45F5E" failures="0" tests="1" name="com.parameters.ParameterTest" time="4.261" errors="0" timestamp="2021-05-26T12:51:48 IST" skipped="0">
  <testcase classname="com.parameters.ParameterTest" name="yahooLoginTest" time="4.261"/>
  <system-out/>
</testsuite> <!-- com.parameters.ParameterTest -->
